[2019-04-12 13:53:05.765] [sharedprocess] [info] main {"machineId":"4235559ca9e74aaed7c3640e1ca942e5fe9860185463f9d103c359e10e518762"}
[2019-04-12 13:53:05.801] [sharedprocess] [info] Scanned user extensions: 0
[2019-04-12 13:53:05.809] [sharedprocess] [info] Scanned user extensions: 0
[2019-04-12 13:53:05.815] [sharedprocess] [info] Scanned user extensions: 0
[2019-04-12 13:53:05.886] [sharedprocess] [info] Scanned system extensions: 72
[2019-04-12 13:53:05.890] [sharedprocess] [info] Scanned system extensions: 72
[2019-04-12 13:53:05.894] [sharedprocess] [info] Scanned system extensions: 72
[2019-04-12 13:53:06.389] [sharedprocess] [info] Scanned user extensions: 0
[2019-04-12 13:53:14.710] [sharedprocess] [info] Scanned user extensions: 0
[2019-04-12 13:53:14.714] [sharedprocess] [info] Scanned user extensions: 0
[2019-04-12 13:53:14.718] [sharedprocess] [info] Scanned user extensions: 0
[2019-04-12 13:53:14.725] [sharedprocess] [info] Scanned user extensions: 0
[2019-04-12 13:53:14.806] [sharedprocess] [info] Scanned system extensions: 72
[2019-04-12 13:53:14.811] [sharedprocess] [info] Scanned system extensions: 72
[2019-04-12 13:53:14.816] [sharedprocess] [info] Scanned system extensions: 72
[2019-04-12 13:53:34.036] [sharedprocess] [info] Installing extension: ms-vscode.cpptools
[2019-04-12 13:53:34.039] [sharedprocess] [info] Scanned user extensions: 0
[2019-04-12 13:53:34.517] [sharedprocess] [info] Downloaded extension: ms-vscode.cpptools /tmp/a8890bcb-4297-4fc5-8b65-add4d98dfc47
[2019-04-12 13:53:35.338] [sharedprocess] [info] Extracted extension to /home/bliss/.vscode-oss/extensions/.ms-vscode.cpptools-0.22.1: ms-vscode.cpptools
[2019-04-12 13:53:35.339] [sharedprocess] [info] Renamed to /home/bliss/.vscode-oss/extensions/ms-vscode.cpptools-0.22.1
[2019-04-12 13:53:35.342] [sharedprocess] [info] Installation completed. ms-vscode.cpptools
[2019-04-12 13:53:35.394] [sharedprocess] [info] Extensions installed successfully: ms-vscode.cpptools
[2019-04-12 13:53:43.197] [sharedprocess] [info] Installing extension: vscodevim.vim
[2019-04-12 13:53:43.202] [sharedprocess] [info] Scanned user extensions: 1
[2019-04-12 13:53:43.668] [sharedprocess] [info] Downloaded extension: vscodevim.vim /tmp/bb80dc17-ebcb-442d-8573-80b6903e8138
[2019-04-12 13:53:45.687] [sharedprocess] [info] Extracted extension to /home/bliss/.vscode-oss/extensions/.vscodevim.vim-1.4.0: vscodevim.vim
[2019-04-12 13:53:45.687] [sharedprocess] [info] Renamed to /home/bliss/.vscode-oss/extensions/vscodevim.vim-1.4.0
[2019-04-12 13:53:45.691] [sharedprocess] [info] Installation completed. vscodevim.vim
[2019-04-12 13:53:45.727] [sharedprocess] [info] Extensions installed successfully: vscodevim.vim
[2019-04-12 13:53:45.777] [sharedprocess] [info] Starting to clean up unused language packs.
[2019-04-12 13:53:54.846] [sharedprocess] [info] Installing extension: formulahendry.code-runner
[2019-04-12 13:53:54.860] [sharedprocess] [info] Scanned user extensions: 2
[2019-04-12 13:53:55.271] [sharedprocess] [info] Downloaded extension: formulahendry.code-runner /tmp/c9bdb323-65e9-4222-9e2c-d3759dd0653f
[2019-04-12 13:53:56.019] [sharedprocess] [info] Extracted extension to /home/bliss/.vscode-oss/extensions/.formulahendry.code-runner-0.9.8: formulahendry.code-runner
[2019-04-12 13:53:56.019] [sharedprocess] [info] Renamed to /home/bliss/.vscode-oss/extensions/formulahendry.code-runner-0.9.8
[2019-04-12 13:53:56.021] [sharedprocess] [info] Installation completed. formulahendry.code-runner
[2019-04-12 13:53:56.067] [sharedprocess] [info] Extensions installed successfully: formulahendry.code-runner
[2019-04-12 13:54:04.886] [sharedprocess] [info] Scanned user extensions: 3
[2019-04-12 13:54:04.890] [sharedprocess] [info] Scanned user extensions: 3
[2019-04-12 13:54:04.935] [sharedprocess] [info] Scanned system extensions: 72
[2019-04-12 13:54:04.940] [sharedprocess] [info] Scanned system extensions: 72
[2019-04-12 13:54:07.094] [sharedprocess] [info] Scanned user extensions: 3
[2019-04-12 13:58:46.550] [sharedprocess] [info] Scanned user extensions: 3
