[2019-06-30 20:15:59.557] [sharedprocess] [info] main {"machineId":"4235559ca9e74aaed7c3640e1ca942e5fe9860185463f9d103c359e10e518762"}
[2019-06-30 20:15:59.899] [sharedprocess] [info] Scanned user extensions: 4
[2019-06-30 20:16:00.297] [sharedprocess] [info] Scanned system extensions: 72
[2019-06-30 20:16:00.956] [sharedprocess] [info] Scanned user extensions: 4
[2019-06-30 20:16:00.958] [sharedprocess] [info] Scanned user extensions: 4
[2019-06-30 20:16:01.013] [sharedprocess] [info] Scanned system extensions: 72
[2019-06-30 20:16:01.025] [sharedprocess] [info] Scanned system extensions: 72
[2019-06-30 20:16:01.127] [sharedprocess] [info] Scanned user extensions: 4
[2019-06-30 20:16:01.156] [sharedprocess] [info] Scanned system extensions: 72
[2019-06-30 20:16:02.977] [sharedprocess] [info] Installing extension: formulahendry.code-runner
[2019-06-30 20:16:02.978] [sharedprocess] [info] Installing extension: ms-vscode.cpptools
[2019-06-30 20:16:02.978] [sharedprocess] [info] Installing extension: vscodevim.vim
[2019-06-30 20:16:02.990] [sharedprocess] [info] Scanned user extensions: 4
[2019-06-30 20:16:02.996] [sharedprocess] [info] Scanned user extensions: 4
[2019-06-30 20:16:02.999] [sharedprocess] [info] Scanned user extensions: 4
[2019-06-30 20:16:03.168] [sharedprocess] [info] Scanned user extensions: 4
[2019-06-30 20:16:03.669] [sharedprocess] [info] Downloaded extension: formulahendry.code-runner /tmp/4a04b355-4b35-44af-bef2-c09e43129b20
[2019-06-30 20:16:03.733] [sharedprocess] [info] Downloaded extension: ms-vscode.cpptools /tmp/992cd47c-2cac-4912-bfb7-85295075671a
[2019-06-30 20:16:03.744] [sharedprocess] [info] Downloaded extension: vscodevim.vim /tmp/ad7facba-4b52-4d97-8c39-e2a7804d4194
[2019-06-30 20:16:04.321] [sharedprocess] [info] Extracted extension to /home/bliss/.vscode-oss/extensions/.formulahendry.code-runner-0.9.11: formulahendry.code-runner
[2019-06-30 20:16:04.322] [sharedprocess] [info] Renamed to /home/bliss/.vscode-oss/extensions/formulahendry.code-runner-0.9.11
[2019-06-30 20:16:04.323] [sharedprocess] [info] Installation completed. formulahendry.code-runner
[2019-06-30 20:16:04.498] [sharedprocess] [info] Extensions installed successfully: formulahendry.code-runner
[2019-06-30 20:16:05.335] [sharedprocess] [info] Extracted extension to /home/bliss/.vscode-oss/extensions/.ms-vscode.cpptools-0.23.1: ms-vscode.cpptools
[2019-06-30 20:16:05.335] [sharedprocess] [info] Renamed to /home/bliss/.vscode-oss/extensions/ms-vscode.cpptools-0.23.1
[2019-06-30 20:16:05.340] [sharedprocess] [info] Installation completed. ms-vscode.cpptools
[2019-06-30 20:16:05.545] [sharedprocess] [info] Extensions installed successfully: ms-vscode.cpptools
[2019-06-30 20:16:06.748] [sharedprocess] [info] Extracted extension to /home/bliss/.vscode-oss/extensions/.vscodevim.vim-1.8.1: vscodevim.vim
[2019-06-30 20:16:06.748] [sharedprocess] [info] Renamed to /home/bliss/.vscode-oss/extensions/vscodevim.vim-1.8.1
[2019-06-30 20:16:06.750] [sharedprocess] [info] Installation completed. vscodevim.vim
[2019-06-30 20:16:07.070] [sharedprocess] [info] Extensions installed successfully: vscodevim.vim
[2019-06-30 20:16:39.549] [sharedprocess] [info] Starting to clean up unused language packs.
