[Running] cd "/home/bliss/dev/opengl/" && g++ teste.cpp -o teste && "/home/bliss/dev/opengl/"teste
/bin/ld: /tmp/cczIk7fG.o: in function `open_gl()':
teste.cpp:(.text+0x3b): undefined reference to `dlopen'
/bin/ld: teste.cpp:(.text+0x64): undefined reference to `dlsym'
/bin/ld: /tmp/cczIk7fG.o: in function `close_gl()':
teste.cpp:(.text+0xa9): undefined reference to `dlclose'
/bin/ld: /tmp/cczIk7fG.o: in function `get_proc(char const*)':
teste.cpp:(.text+0x11b): undefined reference to `dlsym'
/bin/ld: /tmp/cczIk7fG.o: in function `processInput(GLFWwindow*)':
teste.cpp:(.text+0x43f7): undefined reference to `glfwGetKey'
/bin/ld: teste.cpp:(.text+0x4412): undefined reference to `glfwSetWindowShouldClose'
/bin/ld: /tmp/cczIk7fG.o: in function `main':
teste.cpp:(.text+0x4434): undefined reference to `glfwInit'
/bin/ld: teste.cpp:(.text+0x4443): undefined reference to `glfwWindowHint'
/bin/ld: teste.cpp:(.text+0x4452): undefined reference to `glfwWindowHint'
/bin/ld: teste.cpp:(.text+0x4461): undefined reference to `glfwWindowHint'
/bin/ld: teste.cpp:(.text+0x4482): undefined reference to `glfwCreateWindow'
/bin/ld: teste.cpp:(.text+0x44c0): undefined reference to `glfwTerminate'
/bin/ld: teste.cpp:(.text+0x44d9): undefined reference to `glfwMakeContextCurrent'
/bin/ld: teste.cpp:(.text+0x44ef): undefined reference to `glfwSetFramebufferSizeCallback'
/bin/ld: teste.cpp:(.text+0x44f6): undefined reference to `glfwGetProcAddress'
/bin/ld: teste.cpp:(.text+0x495f): undefined reference to `glfwWindowShouldClose'
/bin/ld: teste.cpp:(.text+0x49fb): undefined reference to `glfwSwapBuffers'
/bin/ld: teste.cpp:(.text+0x4a00): undefined reference to `glfwPollEvents'
/bin/ld: teste.cpp:(.text+0x4a0a): undefined reference to `glfwTerminate'
collect2: error: ld returned 1 exit status

[Done] exited with code=1 in 2.267 seconds

