[2019-04-17 22:01:54.272] [sharedprocess] [info] main {"machineId":"4235559ca9e74aaed7c3640e1ca942e5fe9860185463f9d103c359e10e518762"}
[2019-04-17 22:01:54.730] [sharedprocess] [info] Scanned user extensions: 3
[2019-04-17 22:01:55.317] [sharedprocess] [info] Scanned system extensions: 72
[2019-04-17 22:01:56.092] [sharedprocess] [info] Scanned user extensions: 3
[2019-04-17 22:01:56.122] [sharedprocess] [info] Scanned system extensions: 72
[2019-04-17 22:01:58.611] [sharedprocess] [info] Scanned user extensions: 3
[2019-04-17 22:02:21.987] [sharedprocess] [info] Scanned user extensions: 3
[2019-04-17 22:02:21.990] [sharedprocess] [info] Scanned user extensions: 3
[2019-04-17 22:02:21.992] [sharedprocess] [info] Scanned user extensions: 3
[2019-04-17 22:02:21.994] [sharedprocess] [info] Scanned user extensions: 3
[2019-04-17 22:02:22.051] [sharedprocess] [info] Scanned system extensions: 72
[2019-04-17 22:02:22.056] [sharedprocess] [info] Scanned system extensions: 72
[2019-04-17 22:02:22.061] [sharedprocess] [info] Scanned system extensions: 72
[2019-04-17 22:02:34.287] [sharedprocess] [info] Starting to clean up unused language packs.
[2019-04-17 22:02:46.691] [sharedprocess] [info] Installing extension: slevesque.shader
[2019-04-17 22:02:46.702] [sharedprocess] [info] Scanned user extensions: 3
[2019-04-17 22:02:47.879] [sharedprocess] [info] Downloaded extension: slevesque.shader /tmp/b7c3d399-79c5-4a6e-86a4-d2300ddbe200
[2019-04-17 22:02:50.890] [sharedprocess] [info] Extracted extension to /home/bliss/.vscode-oss/extensions/.slevesque.shader-1.1.4: slevesque.shader
[2019-04-17 22:02:50.891] [sharedprocess] [info] Renamed to /home/bliss/.vscode-oss/extensions/slevesque.shader-1.1.4
[2019-04-17 22:02:50.892] [sharedprocess] [info] Installation completed. slevesque.shader
[2019-04-17 22:02:50.950] [sharedprocess] [info] Extensions installed successfully: slevesque.shader
[2019-04-17 22:06:58.632] [sharedprocess] [info] Scanned user extensions: 4
[2019-04-17 22:11:58.644] [sharedprocess] [info] Scanned user extensions: 4
[2019-04-17 22:16:58.656] [sharedprocess] [info] Scanned user extensions: 4
[2019-04-17 22:21:58.669] [sharedprocess] [info] Scanned user extensions: 4
[2019-04-17 22:26:58.696] [sharedprocess] [info] Scanned user extensions: 4
[2019-04-17 22:31:58.711] [sharedprocess] [info] Scanned user extensions: 4
[2019-04-17 22:36:58.726] [sharedprocess] [info] Scanned user extensions: 4
[2019-04-17 22:41:58.742] [sharedprocess] [info] Scanned user extensions: 4
[2019-04-17 22:46:58.757] [sharedprocess] [info] Scanned user extensions: 4
[2019-04-17 22:51:58.773] [sharedprocess] [info] Scanned user extensions: 4
[2019-04-17 22:56:58.787] [sharedprocess] [info] Scanned user extensions: 4
[2019-04-17 23:01:58.800] [sharedprocess] [info] Scanned user extensions: 4
[2019-04-17 23:06:58.814] [sharedprocess] [info] Scanned user extensions: 4
[2019-04-17 23:11:58.826] [sharedprocess] [info] Scanned user extensions: 4
[2019-04-17 23:16:58.840] [sharedprocess] [info] Scanned user extensions: 4
[2019-04-17 23:21:58.851] [sharedprocess] [info] Scanned user extensions: 4
[2019-04-17 23:26:58.864] [sharedprocess] [info] Scanned user extensions: 4
[2019-04-17 23:31:58.878] [sharedprocess] [info] Scanned user extensions: 4
[2019-04-17 23:36:58.891] [sharedprocess] [info] Scanned user extensions: 4
[2019-04-17 23:41:58.905] [sharedprocess] [info] Scanned user extensions: 4
[2019-04-17 23:46:58.918] [sharedprocess] [info] Scanned user extensions: 4
[2019-04-17 23:51:58.930] [sharedprocess] [info] Scanned user extensions: 4
[2019-04-17 23:56:58.943] [sharedprocess] [info] Scanned user extensions: 4
[2019-04-18 00:01:58.956] [sharedprocess] [info] Scanned user extensions: 4
[2019-04-18 00:06:58.970] [sharedprocess] [info] Scanned user extensions: 4
[2019-04-18 00:11:58.983] [sharedprocess] [info] Scanned user extensions: 4
[2019-04-18 00:16:58.998] [sharedprocess] [info] Scanned user extensions: 4
[2019-04-18 00:21:59.010] [sharedprocess] [info] Scanned user extensions: 4
[2019-04-18 00:26:59.023] [sharedprocess] [info] Scanned user extensions: 4
[2019-04-18 00:31:59.034] [sharedprocess] [info] Scanned user extensions: 4
[2019-04-18 00:36:59.047] [sharedprocess] [info] Scanned user extensions: 4
[2019-04-18 00:41:59.059] [sharedprocess] [info] Scanned user extensions: 4
[2019-04-18 00:46:59.070] [sharedprocess] [info] Scanned user extensions: 4
