[2019-04-12 13:53:04.666] [exthost] [info] extension host started
[2019-04-12 13:53:04.694] [exthost] [info] ExtensionService#_doActivateExtension vscode.debug-auto-launch {"startup":true,"activationEvent":"*"}
[2019-04-12 13:53:04.694] [exthost] [info] ExtensionService#loadCommonJSModule /usr/lib/code-oss/resources/app/extensions/debug-auto-launch/dist/extension
[2019-04-12 13:53:04.698] [exthost] [info] ExtensionService#_doActivateExtension vscode.emmet {"startup":true,"activationEvent":"*"}
[2019-04-12 13:53:04.698] [exthost] [info] ExtensionService#loadCommonJSModule /usr/lib/code-oss/resources/app/extensions/emmet/dist/extension
[2019-04-12 13:53:04.720] [exthost] [info] ExtensionService#_doActivateExtension vscode.git {"startup":true,"activationEvent":"*"}
[2019-04-12 13:53:04.720] [exthost] [info] ExtensionService#loadCommonJSModule /usr/lib/code-oss/resources/app/extensions/git/dist/main
[2019-04-12 13:53:04.841] [exthost] [info] ExtensionService#_doActivateExtension vscode.merge-conflict {"startup":true,"activationEvent":"*"}
[2019-04-12 13:53:04.841] [exthost] [info] ExtensionService#loadCommonJSModule /usr/lib/code-oss/resources/app/extensions/merge-conflict/dist/extension
[2019-04-12 13:53:04.847] [exthost] [info] eager extensions activated
[2019-04-12 13:53:35.514] [exthost] [info] ExtensionService#_doActivateExtension ms-vscode.cpptools {"startup":false,"activationEvent":"*"}
[2019-04-12 13:53:35.514] [exthost] [info] ExtensionService#loadCommonJSModule /home/bliss/.vscode-oss/extensions/ms-vscode.cpptools-0.22.1/out/src/main
[2019-04-12 13:53:45.788] [exthost] [info] ExtensionService#_doActivateExtension vscodevim.vim {"startup":false,"activationEvent":"*"}
[2019-04-12 13:53:45.788] [exthost] [info] ExtensionService#loadCommonJSModule /home/bliss/.vscode-oss/extensions/vscodevim.vim-1.4.0/out/extension
[2019-04-12 13:54:05.462] [exthost] [info] extension host started
[2019-04-12 13:54:05.493] [exthost] [info] ExtensionService#_doActivateExtension vscode.debug-auto-launch {"startup":true,"activationEvent":"*"}
[2019-04-12 13:54:05.493] [exthost] [info] ExtensionService#loadCommonJSModule /usr/lib/code-oss/resources/app/extensions/debug-auto-launch/dist/extension
[2019-04-12 13:54:05.497] [exthost] [info] ExtensionService#_doActivateExtension vscode.emmet {"startup":true,"activationEvent":"*"}
[2019-04-12 13:54:05.498] [exthost] [info] ExtensionService#loadCommonJSModule /usr/lib/code-oss/resources/app/extensions/emmet/dist/extension
[2019-04-12 13:54:05.521] [exthost] [info] ExtensionService#_doActivateExtension vscode.git {"startup":true,"activationEvent":"*"}
[2019-04-12 13:54:05.521] [exthost] [info] ExtensionService#loadCommonJSModule /usr/lib/code-oss/resources/app/extensions/git/dist/main
[2019-04-12 13:54:05.652] [exthost] [info] ExtensionService#_doActivateExtension vscode.merge-conflict {"startup":true,"activationEvent":"*"}
[2019-04-12 13:54:05.652] [exthost] [info] ExtensionService#loadCommonJSModule /usr/lib/code-oss/resources/app/extensions/merge-conflict/dist/extension
[2019-04-12 13:54:05.658] [exthost] [info] ExtensionService#_doActivateExtension vscodevim.vim {"startup":true,"activationEvent":"*"}
[2019-04-12 13:54:05.658] [exthost] [info] ExtensionService#loadCommonJSModule /home/bliss/.vscode-oss/extensions/vscodevim.vim-1.4.0/out/extension
[2019-04-12 13:54:06.100] [exthost] [info] eager extensions activated
[2019-04-12 13:54:07.442] [exthost] [info] ExtensionService#_doActivateExtension ms-vscode.cpptools {"startup":false,"activationEvent":"onLanguage:cpp"}
[2019-04-12 13:54:07.442] [exthost] [info] ExtensionService#loadCommonJSModule /home/bliss/.vscode-oss/extensions/ms-vscode.cpptools-0.22.1/out/src/main
[2019-04-12 13:54:19.355] [exthost] [info] ExtensionService#_doActivateExtension vscode.configuration-editing {"startup":false,"activationEvent":"onLanguage:jsonc"}
[2019-04-12 13:54:19.355] [exthost] [info] ExtensionService#loadCommonJSModule /usr/lib/code-oss/resources/app/extensions/configuration-editing/dist/extension
[2019-04-12 13:54:19.366] [exthost] [info] ExtensionService#_doActivateExtension vscode.json-language-features {"startup":false,"activationEvent":"onLanguage:jsonc"}
[2019-04-12 13:54:19.366] [exthost] [info] ExtensionService#loadCommonJSModule /usr/lib/code-oss/resources/app/extensions/json-language-features/client/dist/jsonMain
[2019-04-12 13:54:19.458] [exthost] [info] ExtensionService#_doActivateExtension vscode.typescript-language-features {"startup":false,"activationEvent":"onLanguage:jsonc"}
[2019-04-12 13:54:19.458] [exthost] [info] ExtensionService#loadCommonJSModule /usr/lib/code-oss/resources/app/extensions/typescript-language-features/dist/extension
[2019-04-12 13:56:34.715] [exthost] [info] ExtensionService#_doActivateExtension formulahendry.code-runner {"startup":false,"activationEvent":"onCommand:code-runner.run"}
[2019-04-12 13:56:34.715] [exthost] [info] ExtensionService#loadCommonJSModule /home/bliss/.vscode-oss/extensions/formulahendry.code-runner-0.9.8/out/src/extension
